\BOOKMARK [0][-]{chapter.1}{Contexte g\351n\351rale du projet}{}% 1
\BOOKMARK [1][-]{section.1.1}{Organisme d'acceuil}{chapter.1}% 2
\BOOKMARK [2][-]{subsection.1.1.1}{CHU Mohammed VI de Marrakech}{section.1.1}% 3
\BOOKMARK [3][-]{subsubsection.1.1.1.1}{Chiffres cl\351s de production e CHU}{subsection.1.1.1}% 4
\BOOKMARK [3][-]{subsubsection.1.1.1.2}{Service de radiologie m\350re-enfant}{subsection.1.1.1}% 5
\BOOKMARK [2][-]{subsection.1.1.2}{Collaborateurs}{section.1.1}% 6
\BOOKMARK [1][-]{section.1.2}{Contexte g\351n\351rale du projet}{chapter.1}% 7
\BOOKMARK [2][-]{subsection.1.2.1}{Probl\351matique}{section.1.2}% 8
\BOOKMARK [3][-]{subsubsection.1.2.1.1}{Proc\351dure de d\351tection des anomalies par les radiologues sur les radiographies thoraciques}{subsection.1.2.1}% 9
\BOOKMARK [3][-]{subsubsection.1.2.1.2}{Les differences radio anatomiques entre les clich\351s p\351diatriques et adultes}{subsection.1.2.1}% 10
\BOOKMARK [3][-]{subsubsection.1.2.1.3}{La partie informatique de la probl\351matique}{subsection.1.2.1}% 11
\BOOKMARK [2][-]{subsection.1.2.2}{Etat d'art}{section.1.2}% 12
\BOOKMARK [3][-]{subsubsection.1.2.2.1}{Mod\350les de d\351tection automatiques de pathologies thoraciques pr\351cise chez l\217adulte}{subsection.1.2.2}% 13
\BOOKMARK [3][-]{subsubsection.1.2.2.2}{Mod\350les de d\351tection de Pathologies pr\351cises ou d\217anomalies \340 la rx thoracique chez la Population P\351diatrique}{subsection.1.2.2}% 14
\BOOKMARK [2][-]{subsection.1.2.3}{Solution Propos\351e}{section.1.2}% 15
\BOOKMARK [0][-]{chapter.2}{Apprentissage profond}{}% 16
\BOOKMARK [1][-]{section.2.1}{G\351neralit\351}{chapter.2}% 17
\BOOKMARK [2][-]{subsection.2.1.1}{Definition}{section.2.1}% 18
\BOOKMARK [2][-]{subsection.2.1.2}{Historique}{section.2.1}% 19
\BOOKMARK [1][-]{section.2.2}{R\351seau des neurones}{chapter.2}% 20
\BOOKMARK [2][-]{subsection.2.2.1}{Perceptron}{section.2.2}% 21
\BOOKMARK [2][-]{subsection.2.2.2}{R\351seau de neurones convolutionnel \(RNC\)}{section.2.2}% 22
\BOOKMARK [3][-]{subsubsection.2.2.2.1}{Architecture RNC standard}{subsection.2.2.2}% 23
\BOOKMARK [3][-]{subsubsection.2.2.2.2}{Couche convolutive}{subsection.2.2.2}% 24
\BOOKMARK [3][-]{subsubsection.2.2.2.3}{Couche max pooling}{subsection.2.2.2}% 25
\BOOKMARK [3][-]{subsubsection.2.2.2.4}{Hyperparam\350tres}{subsection.2.2.2}% 26
\BOOKMARK [1][-]{section.2.3}{Classification des images}{chapter.2}% 27
\BOOKMARK [2][-]{subsection.2.3.1}{Classification binaire}{section.2.3}% 28
\BOOKMARK [2][-]{subsection.2.3.2}{Classification Multi-Classes}{section.2.3}% 29
\BOOKMARK [2][-]{subsection.2.3.3}{Classification Multi-Etiquettes}{section.2.3}% 30
\BOOKMARK [1][-]{section.2.4}{Apprentissage par transfert}{chapter.2}% 31
\BOOKMARK [0][-]{chapter.3}{Etude technique}{}% 32
\BOOKMARK [1][-]{section.3.1}{Conception et modelisation}{chapter.3}% 33
\BOOKMARK [2][-]{subsection.3.1.1}{Structure g\351n\351rale du projet}{section.3.1}% 34
\BOOKMARK [2][-]{subsection.3.1.2}{Application Web}{section.3.1}% 35
\BOOKMARK [3][-]{subsubsection.3.1.2.1}{UML}{subsection.3.1.2}% 36
\BOOKMARK [2][-]{subsection.3.1.3}{Pipeline de donn\351es}{section.3.1}% 37
\BOOKMARK [3][-]{subsubsection.3.1.3.1}{Integration}{subsection.3.1.3}% 38
\BOOKMARK [3][-]{subsubsection.3.1.3.2}{Transformation}{subsection.3.1.3}% 39
\BOOKMARK [3][-]{subsubsection.3.1.3.3}{R\351duction}{subsection.3.1.3}% 40
\BOOKMARK [3][-]{subsubsection.3.1.3.4}{Nettoyage}{subsection.3.1.3}% 41
\BOOKMARK [2][-]{subsection.3.1.4}{Mod\350les de deeplearning}{section.3.1}% 42
\BOOKMARK [1][-]{section.3.2}{Choix techniques}{chapter.3}% 43
\BOOKMARK [2][-]{subsection.3.2.1}{Architecture logicielle}{section.3.2}% 44
\BOOKMARK [2][-]{subsection.3.2.2}{API}{section.3.2}% 45
\BOOKMARK [3][-]{subsubsection.3.2.2.1}{MERN stack}{subsection.3.2.2}% 46
\BOOKMARK [3][-]{subsubsection.3.2.2.2}{Heroku}{subsection.3.2.2}% 47
\BOOKMARK [3][-]{subsubsection.3.2.2.3}{GitHub}{subsection.3.2.2}% 48
\BOOKMARK [3][-]{subsubsection.3.2.2.4}{Visual Studio Code}{subsection.3.2.2}% 49
\BOOKMARK [2][-]{subsection.3.2.3}{Outils d'apprentissage automatique et de pr\351paration des donn\351es}{section.3.2}% 50
\BOOKMARK [3][-]{subsubsection.3.2.3.1}{Python}{subsection.3.2.3}% 51
\BOOKMARK [3][-]{subsubsection.3.2.3.2}{Librairies}{subsection.3.2.3}% 52
\BOOKMARK [3][-]{subsubsection.3.2.3.3}{IDEs}{subsection.3.2.3}% 53
\BOOKMARK [3][-]{subsubsection.3.2.3.4}{HPC-MARWAN}{subsection.3.2.3}% 54
\BOOKMARK [1][-]{section.3.3}{Bases de donn\351es}{chapter.3}% 55
\BOOKMARK [2][-]{subsection.3.3.1}{CheXpertDB}{section.3.3}% 56
\BOOKMARK [0][-]{chapter.4}{R\351alisation}{}% 57
\BOOKMARK [1][-]{section.4.1}{Flux de travail}{chapter.4}% 58
\BOOKMARK [1][-]{section.4.2}{R\351alisation}{chapter.4}% 59
\BOOKMARK [2][-]{subsection.4.2.1}{Application web}{section.4.2}% 60
\BOOKMARK [2][-]{subsection.4.2.2}{Preparation des donn\351es}{section.4.2}% 61
\BOOKMARK [2][-]{subsection.4.2.3}{Mad\350les d'apprentissage en profondeur}{section.4.2}% 62
\BOOKMARK [1][-]{section.4.3}{Experiences}{chapter.4}% 63
\BOOKMARK [1][-]{section.4.4}{R\351sultats}{chapter.4}% 64
\BOOKMARK [2][-]{subsection.4.4.1}{Mod\350le de classification binaire}{section.4.4}% 65
\BOOKMARK [2][-]{subsection.4.4.2}{Mod\350le de classififcation multi \351tiquettes}{section.4.4}% 66
\BOOKMARK [2][-]{subsection.4.4.3}{Keras:}{section.4.4}% 67
\BOOKMARK [2][-]{subsection.4.4.4}{Autres: }{section.4.4}% 68
\BOOKMARK [1][-]{section.4.5}{R\351alisation}{chapter.4}% 69
\BOOKMARK [2][-]{subsection.4.5.1}{Application web}{section.4.5}% 70
